15:11:29.249 [main] INFO  c.c.ipcamera.IpcameraApplication - Starting IpcameraApplication on Echo_Lee with PID 25172 (C:\Users\pj17_\IdeaProjects\ipcamera\target\classes started by echo in C:\Users\pj17_\IdeaProjects\ipcamera)
15:11:29.257 [main] INFO  c.c.ipcamera.IpcameraApplication - No active profile set, falling back to default profiles: default
15:11:30.471 [main] INFO  o.s.d.r.c.RepositoryConfigurationDelegate - Bootstrapping Spring Data JPA repositories in DEFAULT mode.
15:11:30.570 [main] INFO  o.s.d.r.c.RepositoryConfigurationDelegate - Finished Spring Data repository scanning in 83ms. Found 1 JPA repository interfaces.
15:11:31.280 [main] INFO  o.s.b.w.e.tomcat.TomcatWebServer - Tomcat initialized with port(s): 8081 (http)
15:11:31.296 [main] INFO  o.a.coyote.http11.Http11NioProtocol - Initializing ProtocolHandler ["http-nio-8081"]
15:11:31.297 [main] INFO  o.a.catalina.core.StandardService - Starting service [Tomcat]
15:11:31.298 [main] INFO  o.a.catalina.core.StandardEngine - Starting Servlet engine: [Apache Tomcat/9.0.33]
15:11:31.467 [main] INFO  o.a.c.c.C.[Tomcat].[localhost].[/] - Initializing Spring embedded WebApplicationContext
15:11:31.467 [main] INFO  o.s.web.context.ContextLoader - Root WebApplicationContext: initialization completed in 2071 ms
15:11:32.051 [main] INFO  o.h.jpa.internal.util.LogHelper - HHH000204: Processing PersistenceUnitInfo [name: default]
15:11:32.159 [main] INFO  org.hibernate.Version - HHH000412: Hibernate ORM core version 5.4.12.Final
15:11:32.428 [main] INFO  o.h.annotations.common.Version - HCANN000001: Hibernate Commons Annotations {5.1.0.Final}
15:11:32.605 [main] INFO  com.zaxxer.hikari.HikariDataSource - HikariPool-1 - Starting...
15:11:33.454 [main] INFO  com.zaxxer.hikari.HikariDataSource - HikariPool-1 - Start completed.
15:11:33.492 [main] INFO  org.hibernate.dialect.Dialect - HHH000400: Using dialect: org.hibernate.dialect.MySQL8Dialect
15:11:34.504 [main] INFO  o.h.e.t.j.p.i.JtaPlatformInitiator - HHH000490: Using JtaPlatform implementation: [org.hibernate.engine.transaction.jta.platform.internal.NoJtaPlatform]
15:11:34.515 [main] INFO  o.s.o.j.LocalContainerEntityManagerFactoryBean - Initialized JPA EntityManagerFactory for persistence unit 'default'
15:11:35.239 [main] WARN  o.s.b.a.o.j.JpaBaseConfiguration$JpaWebConfiguration - spring.jpa.open-in-view is enabled by default. Therefore, database queries may be performed during view rendering. Explicitly configure spring.jpa.open-in-view to disable this warning
15:11:35.741 [main] INFO  o.s.s.c.ThreadPoolTaskExecutor - Initializing ExecutorService 'applicationTaskExecutor'
15:11:36.584 [main] INFO  o.s.b.a.e.web.EndpointLinksResolver - Exposing 14 endpoint(s) beneath base path '/actuator'
15:11:36.826 [main] INFO  o.a.coyote.http11.Http11NioProtocol - Starting ProtocolHandler ["http-nio-8081"]
15:11:37.551 [main] INFO  o.s.b.w.e.tomcat.TomcatWebServer - Tomcat started on port(s): 8081 (http) with context path ''
15:11:37.562 [main] INFO  c.c.ipcamera.IpcameraApplication - Started IpcameraApplication in 9.845 seconds (JVM running for 12.593)
15:11:38.193 [RMI TCP Connection(2)-172.20.10.7] INFO  o.a.c.c.C.[Tomcat].[localhost].[/] - Initializing Spring DispatcherServlet 'dispatcherServlet'
15:11:38.194 [RMI TCP Connection(2)-172.20.10.7] INFO  o.s.web.servlet.DispatcherServlet - Initializing Servlet 'dispatcherServlet'
15:11:38.215 [RMI TCP Connection(2)-172.20.10.7] INFO  o.s.web.servlet.DispatcherServlet - Completed initialization in 21 ms
15:11:47.695 [http-nio-8081-exec-1] INFO  c.c.ipcamera.service.IpcameraService - /artemis/api/video/v1/cameras/playbackURLs
15:11:47.748 [http-nio-8081-exec-1] INFO  c.c.ipcamera.service.IpcameraService - {"protocol":"rtsp","expand":"streamform=rtp","streamType":0,"transmode":1,"beginTime":"2020-04-01T09:30:15.000+08:00","endTime":"2020-04-01T09:35:15.000+08:00","cameraIndexCode":"3239620a7ba34510b60b586924569a9c"}
15:11:48.860 [http-nio-8081-exec-1] INFO  c.h.artemis.sdk.ArtemisHttpUtil - the Artemis Request is Success,statusCode:200 SuccessMsg:{"code":"0","msg":"success","data":{"uuid":"","url":"rtsp://10.142.81.21:554/openUrl/JiB2Lew","list":[{"beginTime":"2020-04-01T09:30:15.015+08:00","endTime":"2020-04-01T09:35:15.015+08:00","size":914358272}]}}
15:11:48.874 [http-nio-8081-exec-1] ERROR c.c.ipcamera.service.IpcameraService - 2
15:11:48.881 [http-nio-8081-exec-1] INFO  c.c.i.controller.HikvisionController - Success: replayUrl: null
15:12:50.162 [http-nio-8081-exec-3] INFO  c.c.ipcamera.service.IpcameraService - /artemis/api/video/v1/cameras/playbackURLs
15:12:50.164 [http-nio-8081-exec-3] INFO  c.c.ipcamera.service.IpcameraService - {"protocol":"rtsp","expand":"streamform=rtp","streamType":0,"transmode":1,"beginTime":"2020-04-01T09:30:15.000+08:00","endTime":"2020-04-01T09:35:15.000+08:00","cameraIndexCode":"3239620a7ba34510b60b586924569a9c"}
15:12:50.893 [http-nio-8081-exec-3] INFO  c.h.artemis.sdk.ArtemisHttpUtil - the Artemis Request is Success,statusCode:200 SuccessMsg:{"code":"0","msg":"success","data":{"uuid":"","url":"rtsp://10.142.81.21:554/openUrl/NSBhB2E","list":[{"beginTime":"2020-04-01T09:30:15.015+08:00","endTime":"2020-04-01T09:35:15.015+08:00","size":914358272}]}}
15:12:50.893 [http-nio-8081-exec-3] ERROR c.c.ipcamera.service.IpcameraService - 2
15:12:50.896 [http-nio-8081-exec-3] INFO  c.c.i.controller.HikvisionController - Success: replayUrl: null
15:13:00.564 [http-nio-8081-exec-4] INFO  c.c.ipcamera.service.IpcameraService - /artemis/api/video/v1/cameras/playbackURLs
15:13:00.565 [http-nio-8081-exec-4] INFO  c.c.ipcamera.service.IpcameraService - {"protocol":"rtsp","expand":"streamform=rtp","streamType":0,"transmode":1,"beginTime":"2020-04-01T09:30:15.000+08:00","endTime":"2020-04-01T09:35:15.000+08:00","cameraIndexCode":"3239620a7ba34510b60b586924569a9c"}
15:13:01.839 [http-nio-8081-exec-4] INFO  c.h.artemis.sdk.ArtemisHttpUtil - the Artemis Request is Success,statusCode:200 SuccessMsg:{"code":"0","msg":"success","data":{"uuid":"","url":"rtsp://10.142.81.21:554/openUrl/OFS6ESY","list":[{"beginTime":"2020-04-01T09:30:15.015+08:00","endTime":"2020-04-01T09:35:15.015+08:00","size":914358272}]}}
15:13:01.839 [http-nio-8081-exec-4] ERROR c.c.ipcamera.service.IpcameraService - 2
15:13:01.844 [http-nio-8081-exec-4] INFO  c.c.i.controller.HikvisionController - Success: replayUrl: null
15:16:36.061 [http-nio-8081-exec-6] INFO  c.c.ipcamera.service.IpcameraService - /artemis/api/video/v1/cameras/playbackURLs
15:16:36.061 [http-nio-8081-exec-6] INFO  c.c.ipcamera.service.IpcameraService - {"protocol":"rtsp","expand":"streamform=rtp","streamType":0,"transmode":1,"beginTime":"2020-04-01T09:30:15.000+08:00","endTime":"2020-04-01T09:35:15.000+08:00","cameraIndexCode":"3239620a7ba34510b60b586924569a9c"}
15:16:36.789 [http-nio-8081-exec-6] INFO  c.h.artemis.sdk.ArtemisHttpUtil - the Artemis Request is Success,statusCode:200 SuccessMsg:{"code":"0","msg":"success","data":{"uuid":"","url":"rtsp://10.142.81.21:554/openUrl/4yXhZ0A","list":[{"beginTime":"2020-04-01T09:30:15.015+08:00","endTime":"2020-04-01T09:35:15.015+08:00","size":914358272}]}}
15:16:36.790 [http-nio-8081-exec-6] ERROR c.c.ipcamera.service.IpcameraService - 2
15:16:36.792 [http-nio-8081-exec-6] INFO  c.c.i.controller.HikvisionController - Success: replayUrl: null
15:17:04.685 [http-nio-8081-exec-7] INFO  c.c.ipcamera.service.IpcameraService - /artemis/api/video/v1/cameras/playbackURLs
15:17:04.685 [http-nio-8081-exec-7] INFO  c.c.ipcamera.service.IpcameraService - {"protocol":"rtsp","expand":"streamform=rtp","streamType":0,"transmode":1,"beginTime":"2020-04-01T09:30:15.000+08:00","endTime":"2020-04-01T09:35:15.000+08:00","cameraIndexCode":"3239620a7ba34510b60b586924569a9c"}
15:17:05.404 [http-nio-8081-exec-7] INFO  c.h.artemis.sdk.ArtemisHttpUtil - the Artemis Request is Success,statusCode:200 SuccessMsg:{"code":"0","msg":"success","data":{"uuid":"","url":"rtsp://10.142.81.21:554/openUrl/6FXavMA","list":[{"beginTime":"2020-04-01T09:30:15.015+08:00","endTime":"2020-04-01T09:35:15.015+08:00","size":914358272}]}}
15:17:05.405 [http-nio-8081-exec-7] ERROR c.c.ipcamera.service.IpcameraService - 2
15:17:05.410 [http-nio-8081-exec-7] INFO  c.c.i.controller.HikvisionController - Success: replayUrl: null
15:17:11.758 [SpringContextShutdownHook] INFO  o.s.s.c.ThreadPoolTaskExecutor - Shutting down ExecutorService 'applicationTaskExecutor'
15:17:11.759 [SpringContextShutdownHook] INFO  o.s.o.j.LocalContainerEntityManagerFactoryBean - Closing JPA EntityManagerFactory for persistence unit 'default'
15:17:11.763 [SpringContextShutdownHook] INFO  com.zaxxer.hikari.HikariDataSource - HikariPool-1 - Shutdown initiated...
15:17:11.781 [SpringContextShutdownHook] INFO  com.zaxxer.hikari.HikariDataSource - HikariPool-1 - Shutdown completed.
15:17:24.249 [main] INFO  c.c.ipcamera.IpcameraApplication - Starting IpcameraApplication on Echo_Lee with PID 11780 (C:\Users\pj17_\IdeaProjects\ipcamera\target\classes started by echo in C:\Users\pj17_\IdeaProjects\ipcamera)
15:17:24.254 [main] INFO  c.c.ipcamera.IpcameraApplication - No active profile set, falling back to default profiles: default
15:17:25.968 [main] INFO  o.s.d.r.c.RepositoryConfigurationDelegate - Bootstrapping Spring Data JPA repositories in DEFAULT mode.
15:17:26.045 [main] INFO  o.s.d.r.c.RepositoryConfigurationDelegate - Finished Spring Data repository scanning in 65ms. Found 1 JPA repository interfaces.
15:17:26.723 [main] INFO  o.s.b.w.e.tomcat.TomcatWebServer - Tomcat initialized with port(s): 8081 (http)
15:17:26.735 [main] INFO  o.a.coyote.http11.Http11NioProtocol - Initializing ProtocolHandler ["http-nio-8081"]
15:17:26.736 [main] INFO  o.a.catalina.core.StandardService - Starting service [Tomcat]
15:17:26.736 [main] INFO  o.a.catalina.core.StandardEngine - Starting Servlet engine: [Apache Tomcat/9.0.33]
15:17:26.898 [main] INFO  o.a.c.c.C.[Tomcat].[localhost].[/] - Initializing Spring embedded WebApplicationContext
15:17:26.899 [main] INFO  o.s.web.context.ContextLoader - Root WebApplicationContext: initialization completed in 2499 ms
15:17:27.367 [main] INFO  o.h.jpa.internal.util.LogHelper - HHH000204: Processing PersistenceUnitInfo [name: default]
15:17:27.450 [main] INFO  org.hibernate.Version - HHH000412: Hibernate ORM core version 5.4.12.Final
15:17:27.608 [main] INFO  o.h.annotations.common.Version - HCANN000001: Hibernate Commons Annotations {5.1.0.Final}
15:17:27.732 [main] INFO  com.zaxxer.hikari.HikariDataSource - HikariPool-1 - Starting...
15:17:28.463 [main] INFO  com.zaxxer.hikari.HikariDataSource - HikariPool-1 - Start completed.
15:17:28.494 [main] INFO  org.hibernate.dialect.Dialect - HHH000400: Using dialect: org.hibernate.dialect.MySQL8Dialect
15:17:29.381 [main] INFO  o.h.e.t.j.p.i.JtaPlatformInitiator - HHH000490: Using JtaPlatform implementation: [org.hibernate.engine.transaction.jta.platform.internal.NoJtaPlatform]
15:17:29.391 [main] INFO  o.s.o.j.LocalContainerEntityManagerFactoryBean - Initialized JPA EntityManagerFactory for persistence unit 'default'
15:17:29.824 [main] WARN  o.s.b.a.o.j.JpaBaseConfiguration$JpaWebConfiguration - spring.jpa.open-in-view is enabled by default. Therefore, database queries may be performed during view rendering. Explicitly configure spring.jpa.open-in-view to disable this warning
15:17:29.965 [main] INFO  o.s.s.c.ThreadPoolTaskExecutor - Initializing ExecutorService 'applicationTaskExecutor'
15:17:30.292 [main] INFO  o.s.b.a.e.web.EndpointLinksResolver - Exposing 14 endpoint(s) beneath base path '/actuator'
15:17:30.387 [main] INFO  o.a.coyote.http11.Http11NioProtocol - Starting ProtocolHandler ["http-nio-8081"]
15:17:30.643 [main] INFO  o.s.b.w.e.tomcat.TomcatWebServer - Tomcat started on port(s): 8081 (http) with context path ''
15:17:30.650 [main] INFO  c.c.ipcamera.IpcameraApplication - Started IpcameraApplication in 7.408 seconds (JVM running for 9.226)
15:17:31.362 [RMI TCP Connection(3)-172.20.10.7] INFO  o.a.c.c.C.[Tomcat].[localhost].[/] - Initializing Spring DispatcherServlet 'dispatcherServlet'
15:17:31.362 [RMI TCP Connection(3)-172.20.10.7] INFO  o.s.web.servlet.DispatcherServlet - Initializing Servlet 'dispatcherServlet'
15:17:31.372 [RMI TCP Connection(3)-172.20.10.7] INFO  o.s.web.servlet.DispatcherServlet - Completed initialization in 10 ms
15:19:35.920 [SpringContextShutdownHook] INFO  o.s.s.c.ThreadPoolTaskExecutor - Shutting down ExecutorService 'applicationTaskExecutor'
15:19:35.921 [SpringContextShutdownHook] INFO  o.s.o.j.LocalContainerEntityManagerFactoryBean - Closing JPA EntityManagerFactory for persistence unit 'default'
15:19:35.926 [SpringContextShutdownHook] INFO  com.zaxxer.hikari.HikariDataSource - HikariPool-1 - Shutdown initiated...
15:19:35.940 [SpringContextShutdownHook] INFO  com.zaxxer.hikari.HikariDataSource - HikariPool-1 - Shutdown completed.
15:19:46.187 [main] INFO  c.c.ipcamera.IpcameraApplication - Starting IpcameraApplication on Echo_Lee with PID 26292 (C:\Users\pj17_\IdeaProjects\ipcamera\target\classes started by echo in C:\Users\pj17_\IdeaProjects\ipcamera)
15:19:46.192 [main] INFO  c.c.ipcamera.IpcameraApplication - No active profile set, falling back to default profiles: default
15:19:47.650 [main] INFO  o.s.d.r.c.RepositoryConfigurationDelegate - Bootstrapping Spring Data JPA repositories in DEFAULT mode.
15:19:47.734 [main] INFO  o.s.d.r.c.RepositoryConfigurationDelegate - Finished Spring Data repository scanning in 73ms. Found 1 JPA repository interfaces.
15:19:48.395 [main] INFO  o.s.b.w.e.tomcat.TomcatWebServer - Tomcat initialized with port(s): 8081 (http)
15:19:48.410 [main] INFO  o.a.coyote.http11.Http11NioProtocol - Initializing ProtocolHandler ["http-nio-8081"]
15:19:48.411 [main] INFO  o.a.catalina.core.StandardService - Starting service [Tomcat]
15:19:48.411 [main] INFO  o.a.catalina.core.StandardEngine - Starting Servlet engine: [Apache Tomcat/9.0.33]
15:19:48.538 [main] INFO  o.a.c.c.C.[Tomcat].[localhost].[/] - Initializing Spring embedded WebApplicationContext
15:19:48.538 [main] INFO  o.s.web.context.ContextLoader - Root WebApplicationContext: initialization completed in 2211 ms
15:19:49.061 [main] INFO  o.h.jpa.internal.util.LogHelper - HHH000204: Processing PersistenceUnitInfo [name: default]
15:19:49.146 [main] INFO  org.hibernate.Version - HHH000412: Hibernate ORM core version 5.4.12.Final
15:19:49.321 [main] INFO  o.h.annotations.common.Version - HCANN000001: Hibernate Commons Annotations {5.1.0.Final}
15:19:49.463 [main] INFO  com.zaxxer.hikari.HikariDataSource - HikariPool-1 - Starting...
15:19:50.218 [main] INFO  com.zaxxer.hikari.HikariDataSource - HikariPool-1 - Start completed.
15:19:50.244 [main] INFO  org.hibernate.dialect.Dialect - HHH000400: Using dialect: org.hibernate.dialect.MySQL8Dialect
15:19:51.215 [main] INFO  o.h.e.t.j.p.i.JtaPlatformInitiator - HHH000490: Using JtaPlatform implementation: [org.hibernate.engine.transaction.jta.platform.internal.NoJtaPlatform]
15:19:51.240 [main] INFO  o.s.o.j.LocalContainerEntityManagerFactoryBean - Initialized JPA EntityManagerFactory for persistence unit 'default'
15:19:51.815 [main] WARN  o.s.b.a.o.j.JpaBaseConfiguration$JpaWebConfiguration - spring.jpa.open-in-view is enabled by default. Therefore, database queries may be performed during view rendering. Explicitly configure spring.jpa.open-in-view to disable this warning
15:19:52.037 [main] INFO  o.s.s.c.ThreadPoolTaskExecutor - Initializing ExecutorService 'applicationTaskExecutor'
15:19:52.462 [main] INFO  o.s.b.a.e.web.EndpointLinksResolver - Exposing 14 endpoint(s) beneath base path '/actuator'
15:19:52.622 [main] INFO  o.a.coyote.http11.Http11NioProtocol - Starting ProtocolHandler ["http-nio-8081"]
15:19:52.899 [main] INFO  o.s.b.w.e.tomcat.TomcatWebServer - Tomcat started on port(s): 8081 (http) with context path ''
15:19:52.906 [main] INFO  c.c.ipcamera.IpcameraApplication - Started IpcameraApplication in 7.811 seconds (JVM running for 9.774)
15:19:53.534 [RMI TCP Connection(3)-172.20.10.7] INFO  o.a.c.c.C.[Tomcat].[localhost].[/] - Initializing Spring DispatcherServlet 'dispatcherServlet'
15:19:53.535 [RMI TCP Connection(3)-172.20.10.7] INFO  o.s.web.servlet.DispatcherServlet - Initializing Servlet 'dispatcherServlet'
15:19:53.576 [RMI TCP Connection(3)-172.20.10.7] INFO  o.s.web.servlet.DispatcherServlet - Completed initialization in 41 ms
15:19:57.774 [http-nio-8081-exec-1] INFO  c.c.ipcamera.service.IpcameraService - /artemis/api/video/v1/cameras/playbackURLs
15:19:57.828 [http-nio-8081-exec-1] INFO  c.c.ipcamera.service.IpcameraService - {"protocol":"rtsp","expand":"streamform=rtp","streamType":0,"transmode":1,"beginTime":"2020-04-01T09:30:15.000+08:00","endTime":"2020-04-01T09:35:15.000+08:00","cameraIndexCode":"3239620a7ba34510b60b586924569a9c"}
15:19:58.687 [http-nio-8081-exec-1] INFO  c.h.artemis.sdk.ArtemisHttpUtil - the Artemis Request is Success,statusCode:200 SuccessMsg:{"code":"0","msg":"success","data":{"uuid":"","url":"rtsp://10.142.81.21:554/openUrl/jtclTAQ","list":[{"beginTime":"2020-04-01T09:30:15.015+08:00","endTime":"2020-04-01T09:35:15.015+08:00","size":914358272}]}}
15:19:58.710 [http-nio-8081-exec-1] INFO  c.c.i.controller.HikvisionController - Success: replayUrl: rtsp://10.142.81.21:554/openUrl/jtclTAQ
15:21:17.563 [http-nio-8081-exec-3] INFO  c.c.ipcamera.service.IpcameraService - /artemis/api/video/v1/cameras/playbackURLs
15:21:17.564 [http-nio-8081-exec-3] INFO  c.c.ipcamera.service.IpcameraService - {"protocol":"rtsp","expand":"streamform=rtp","streamType":0,"transmode":1,"beginTime":"2020-04-01T09:30:15.000+08:00","endTime":"2020-04-01T09:35:15.000+08:00","cameraIndexCode":"3239620a7ba34510b60b586924569a9c"}
15:21:18.260 [http-nio-8081-exec-3] INFO  c.h.artemis.sdk.ArtemisHttpUtil - the Artemis Request is Success,statusCode:200 SuccessMsg:{"code":"0","msg":"success","data":{"uuid":"","url":"rtsp://10.142.81.21:554/openUrl/plB2VtS","list":[{"beginTime":"2020-04-01T09:30:15.015+08:00","endTime":"2020-04-01T09:35:15.015+08:00","size":914358272}]}}
15:23:39.084 [HikariPool-1 housekeeper] WARN  com.zaxxer.hikari.pool.HikariPool - HikariPool-1 - Thread starvation or clock leap detected (housekeeper delta=2m48s760ms832µs400ns).
15:23:39.090 [http-nio-8081-exec-3] INFO  c.c.i.controller.HikvisionController - Success: replayUrl: rtsp://10.142.81.21:554/openUrl/plB2VtS
15:23:39.144 [SpringContextShutdownHook] INFO  o.s.s.c.ThreadPoolTaskExecutor - Shutting down ExecutorService 'applicationTaskExecutor'
15:23:39.145 [SpringContextShutdownHook] INFO  o.s.o.j.LocalContainerEntityManagerFactoryBean - Closing JPA EntityManagerFactory for persistence unit 'default'
15:23:39.149 [SpringContextShutdownHook] INFO  com.zaxxer.hikari.HikariDataSource - HikariPool-1 - Shutdown initiated...
15:23:39.164 [SpringContextShutdownHook] INFO  com.zaxxer.hikari.HikariDataSource - HikariPool-1 - Shutdown completed.
15:23:48.622 [main] INFO  c.c.ipcamera.IpcameraApplication - Starting IpcameraApplication on Echo_Lee with PID 24552 (C:\Users\pj17_\IdeaProjects\ipcamera\target\classes started by echo in C:\Users\pj17_\IdeaProjects\ipcamera)
15:23:48.636 [main] INFO  c.c.ipcamera.IpcameraApplication - No active profile set, falling back to default profiles: default
15:23:50.458 [main] INFO  o.s.d.r.c.RepositoryConfigurationDelegate - Bootstrapping Spring Data JPA repositories in DEFAULT mode.
15:23:50.530 [main] INFO  o.s.d.r.c.RepositoryConfigurationDelegate - Finished Spring Data repository scanning in 61ms. Found 1 JPA repository interfaces.
15:23:51.218 [main] INFO  o.s.b.w.e.tomcat.TomcatWebServer - Tomcat initialized with port(s): 8081 (http)
15:23:51.228 [main] INFO  o.a.coyote.http11.Http11NioProtocol - Initializing ProtocolHandler ["http-nio-8081"]
15:23:51.229 [main] INFO  o.a.catalina.core.StandardService - Starting service [Tomcat]
15:23:51.229 [main] INFO  o.a.catalina.core.StandardEngine - Starting Servlet engine: [Apache Tomcat/9.0.33]
15:23:51.364 [main] INFO  o.a.c.c.C.[Tomcat].[localhost].[/] - Initializing Spring embedded WebApplicationContext
15:23:51.364 [main] INFO  o.s.web.context.ContextLoader - Root WebApplicationContext: initialization completed in 2447 ms
15:23:51.847 [main] INFO  o.h.jpa.internal.util.LogHelper - HHH000204: Processing PersistenceUnitInfo [name: default]
15:23:51.927 [main] INFO  org.hibernate.Version - HHH000412: Hibernate ORM core version 5.4.12.Final
15:23:52.082 [main] INFO  o.h.annotations.common.Version - HCANN000001: Hibernate Commons Annotations {5.1.0.Final}
15:23:52.200 [main] INFO  com.zaxxer.hikari.HikariDataSource - HikariPool-1 - Starting...
15:23:52.957 [main] INFO  com.zaxxer.hikari.HikariDataSource - HikariPool-1 - Start completed.
15:23:52.985 [main] INFO  org.hibernate.dialect.Dialect - HHH000400: Using dialect: org.hibernate.dialect.MySQL8Dialect
15:23:53.890 [main] INFO  o.h.e.t.j.p.i.JtaPlatformInitiator - HHH000490: Using JtaPlatform implementation: [org.hibernate.engine.transaction.jta.platform.internal.NoJtaPlatform]
15:23:53.900 [main] INFO  o.s.o.j.LocalContainerEntityManagerFactoryBean - Initialized JPA EntityManagerFactory for persistence unit 'default'
15:23:54.377 [main] WARN  o.s.b.a.o.j.JpaBaseConfiguration$JpaWebConfiguration - spring.jpa.open-in-view is enabled by default. Therefore, database queries may be performed during view rendering. Explicitly configure spring.jpa.open-in-view to disable this warning
15:23:54.551 [main] INFO  o.s.s.c.ThreadPoolTaskExecutor - Initializing ExecutorService 'applicationTaskExecutor'
15:23:54.838 [main] INFO  o.s.b.a.e.web.EndpointLinksResolver - Exposing 14 endpoint(s) beneath base path '/actuator'
15:23:54.885 [main] INFO  o.a.coyote.http11.Http11NioProtocol - Starting ProtocolHandler ["http-nio-8081"]
15:23:54.914 [main] INFO  o.s.b.w.e.tomcat.TomcatWebServer - Tomcat started on port(s): 8081 (http) with context path ''
15:23:54.916 [main] INFO  c.c.ipcamera.IpcameraApplication - Started IpcameraApplication in 7.456 seconds (JVM running for 9.072)
15:23:55.281 [http-nio-8081-exec-1] INFO  o.a.c.c.C.[Tomcat].[localhost].[/] - Initializing Spring DispatcherServlet 'dispatcherServlet'
15:23:55.282 [http-nio-8081-exec-1] INFO  o.s.web.servlet.DispatcherServlet - Initializing Servlet 'dispatcherServlet'
15:23:55.292 [http-nio-8081-exec-1] INFO  o.s.web.servlet.DispatcherServlet - Completed initialization in 10 ms
15:23:55.511 [http-nio-8081-exec-1] INFO  c.c.ipcamera.service.IpcameraService - /artemis/api/video/v1/cameras/playbackURLs
15:23:55.632 [http-nio-8081-exec-1] INFO  c.c.ipcamera.service.IpcameraService - {"protocol":"rtsp","expand":"streamform=rtp","streamType":0,"transmode":1,"beginTime":"2020-04-01T09:30:15.000+08:00","endTime":"2020-04-01T09:35:15.000+08:00","cameraIndexCode":"3239620a7ba34510b60b586924569a9c"}
15:23:56.743 [http-nio-8081-exec-1] INFO  c.h.artemis.sdk.ArtemisHttpUtil - the Artemis Request is Success,statusCode:200 SuccessMsg:{"code":"0","msg":"success","data":{"uuid":"","url":"rtsp://10.142.81.21:554/openUrl/B31eCoo","list":[{"beginTime":"2020-04-01T09:30:15.015+08:00","endTime":"2020-04-01T09:35:15.015+08:00","size":914358272}]}}
15:23:56.763 [http-nio-8081-exec-1] INFO  c.c.i.controller.HikvisionController - Success: replayUrl: rtsp://10.142.81.21:554/openUrl/B31eCoo
15:24:51.361 [SpringContextShutdownHook] INFO  o.s.s.c.ThreadPoolTaskExecutor - Shutting down ExecutorService 'applicationTaskExecutor'
15:24:51.362 [SpringContextShutdownHook] INFO  o.s.o.j.LocalContainerEntityManagerFactoryBean - Closing JPA EntityManagerFactory for persistence unit 'default'
15:24:51.366 [SpringContextShutdownHook] INFO  com.zaxxer.hikari.HikariDataSource - HikariPool-1 - Shutdown initiated...
15:24:51.381 [SpringContextShutdownHook] INFO  com.zaxxer.hikari.HikariDataSource - HikariPool-1 - Shutdown completed.
15:25:05.012 [main] INFO  c.c.ipcamera.IpcameraApplication - Starting IpcameraApplication on Echo_Lee with PID 25860 (C:\Users\pj17_\IdeaProjects\ipcamera\target\classes started by echo in C:\Users\pj17_\IdeaProjects\ipcamera)
15:25:05.017 [main] INFO  c.c.ipcamera.IpcameraApplication - No active profile set, falling back to default profiles: default
15:25:06.518 [main] INFO  o.s.d.r.c.RepositoryConfigurationDelegate - Bootstrapping Spring Data JPA repositories in DEFAULT mode.
15:25:06.593 [main] INFO  o.s.d.r.c.RepositoryConfigurationDelegate - Finished Spring Data repository scanning in 63ms. Found 1 JPA repository interfaces.
15:25:07.211 [main] INFO  o.s.b.w.e.tomcat.TomcatWebServer - Tomcat initialized with port(s): 8081 (http)
15:25:07.221 [main] INFO  o.a.coyote.http11.Http11NioProtocol - Initializing ProtocolHandler ["http-nio-8081"]
15:25:07.221 [main] INFO  o.a.catalina.core.StandardService - Starting service [Tomcat]
15:25:07.222 [main] INFO  o.a.catalina.core.StandardEngine - Starting Servlet engine: [Apache Tomcat/9.0.33]
15:25:07.367 [main] INFO  o.a.c.c.C.[Tomcat].[localhost].[/] - Initializing Spring embedded WebApplicationContext
15:25:07.367 [main] INFO  o.s.web.context.ContextLoader - Root WebApplicationContext: initialization completed in 2236 ms
15:25:07.844 [main] INFO  o.h.jpa.internal.util.LogHelper - HHH000204: Processing PersistenceUnitInfo [name: default]
15:25:07.922 [main] INFO  org.hibernate.Version - HHH000412: Hibernate ORM core version 5.4.12.Final
15:25:08.084 [main] INFO  o.h.annotations.common.Version - HCANN000001: Hibernate Commons Annotations {5.1.0.Final}
15:25:08.203 [main] INFO  com.zaxxer.hikari.HikariDataSource - HikariPool-1 - Starting...
15:25:08.914 [main] INFO  com.zaxxer.hikari.HikariDataSource - HikariPool-1 - Start completed.
15:25:08.940 [main] INFO  org.hibernate.dialect.Dialect - HHH000400: Using dialect: org.hibernate.dialect.MySQL8Dialect
15:25:09.745 [main] INFO  o.h.e.t.j.p.i.JtaPlatformInitiator - HHH000490: Using JtaPlatform implementation: [org.hibernate.engine.transaction.jta.platform.internal.NoJtaPlatform]
15:25:09.755 [main] INFO  o.s.o.j.LocalContainerEntityManagerFactoryBean - Initialized JPA EntityManagerFactory for persistence unit 'default'
15:25:10.170 [main] WARN  o.s.b.a.o.j.JpaBaseConfiguration$JpaWebConfiguration - spring.jpa.open-in-view is enabled by default. Therefore, database queries may be performed during view rendering. Explicitly configure spring.jpa.open-in-view to disable this warning
15:25:10.307 [main] INFO  o.s.s.c.ThreadPoolTaskExecutor - Initializing ExecutorService 'applicationTaskExecutor'
15:25:10.601 [main] INFO  o.s.b.a.e.web.EndpointLinksResolver - Exposing 14 endpoint(s) beneath base path '/actuator'
15:25:10.650 [main] INFO  o.a.coyote.http11.Http11NioProtocol - Starting ProtocolHandler ["http-nio-8081"]
15:25:10.876 [main] INFO  o.s.b.w.e.tomcat.TomcatWebServer - Tomcat started on port(s): 8081 (http) with context path ''
15:25:10.883 [main] INFO  c.c.ipcamera.IpcameraApplication - Started IpcameraApplication in 6.863 seconds (JVM running for 8.274)
15:25:11.735 [RMI TCP Connection(1)-172.20.10.7] INFO  o.a.c.c.C.[Tomcat].[localhost].[/] - Initializing Spring DispatcherServlet 'dispatcherServlet'
15:25:11.735 [RMI TCP Connection(1)-172.20.10.7] INFO  o.s.web.servlet.DispatcherServlet - Initializing Servlet 'dispatcherServlet'
15:25:11.748 [RMI TCP Connection(1)-172.20.10.7] INFO  o.s.web.servlet.DispatcherServlet - Completed initialization in 13 ms
15:25:21.794 [http-nio-8081-exec-1] INFO  c.c.ipcamera.service.IpcameraService - /artemis/api/video/v1/cameras/playbackURLs
15:25:21.845 [http-nio-8081-exec-1] INFO  c.c.ipcamera.service.IpcameraService - {"protocol":"rtsp","expand":"streamform=rtp","streamType":0,"transmode":1,"beginTime":"2020-04-01T09:30:15.000+08:00","endTime":"2020-04-01T09:35:15.000+08:00","cameraIndexCode":"3239620a7ba34510b60b586924569a9c"}
15:25:22.718 [http-nio-8081-exec-1] INFO  c.h.artemis.sdk.ArtemisHttpUtil - the Artemis Request is Success,statusCode:200 SuccessMsg:{"code":"0","msg":"success","data":{"uuid":"","url":"rtsp://10.142.81.21:554/openUrl/HoIS1So","list":[{"beginTime":"2020-04-01T09:30:15.015+08:00","endTime":"2020-04-01T09:35:15.015+08:00","size":914358272}]}}
15:25:22.739 [http-nio-8081-exec-1] INFO  c.c.i.controller.HikvisionController - Success: replayUrl: rtsp://10.142.81.21:554/openUrl/HoIS1So
15:26:04.826 [http-nio-8081-exec-2] INFO  c.c.ipcamera.service.IpcameraService - /artemis/api/video/v1/cameras/playbackURLs
15:26:04.827 [http-nio-8081-exec-2] INFO  c.c.ipcamera.service.IpcameraService - {"protocol":"rtsp","expand":"streamform=rtp","streamType":0,"transmode":1,"beginTime":"2020-04-08T13:30:15.000+08:00","endTime":"2020-04-08T13:35:15.000+08:00","cameraIndexCode":"3239620a7ba34510b60b586924569a9c"}
15:26:05.543 [http-nio-8081-exec-2] INFO  c.h.artemis.sdk.ArtemisHttpUtil - the Artemis Request is Success,statusCode:200 SuccessMsg:{"code":"0","msg":"success","data":{"uuid":"","url":"rtsp://10.142.81.21:554/openUrl/KyRYvAs","list":[{"beginTime":"2020-04-08T13:30:15.015+08:00","endTime":"2020-04-08T13:35:15.015+08:00","size":913309696}]}}
15:26:05.568 [http-nio-8081-exec-2] INFO  c.c.i.controller.HikvisionController - Success: replayUrl: rtsp://10.142.81.21:554/openUrl/KyRYvAs
15:26:22.700 [SpringContextShutdownHook] INFO  o.s.s.c.ThreadPoolTaskExecutor - Shutting down ExecutorService 'applicationTaskExecutor'
15:26:22.701 [SpringContextShutdownHook] INFO  o.s.o.j.LocalContainerEntityManagerFactoryBean - Closing JPA EntityManagerFactory for persistence unit 'default'
15:26:22.706 [SpringContextShutdownHook] INFO  com.zaxxer.hikari.HikariDataSource - HikariPool-1 - Shutdown initiated...
15:26:22.722 [SpringContextShutdownHook] INFO  com.zaxxer.hikari.HikariDataSource - HikariPool-1 - Shutdown completed.
15:26:52.520 [main] INFO  c.c.ipcamera.IpcameraApplication - Starting IpcameraApplication on Echo_Lee with PID 26876 (C:\Users\pj17_\IdeaProjects\ipcamera\target\classes started by echo in C:\Users\pj17_\IdeaProjects\ipcamera)
15:26:52.526 [main] INFO  c.c.ipcamera.IpcameraApplication - No active profile set, falling back to default profiles: default
15:26:53.831 [main] INFO  o.s.d.r.c.RepositoryConfigurationDelegate - Bootstrapping Spring Data JPA repositories in DEFAULT mode.
15:26:53.902 [main] INFO  o.s.d.r.c.RepositoryConfigurationDelegate - Finished Spring Data repository scanning in 60ms. Found 1 JPA repository interfaces.
15:26:54.525 [main] INFO  o.s.b.w.e.tomcat.TomcatWebServer - Tomcat initialized with port(s): 8081 (http)
15:26:54.537 [main] INFO  o.a.coyote.http11.Http11NioProtocol - Initializing ProtocolHandler ["http-nio-8081"]
15:26:54.538 [main] INFO  o.a.catalina.core.StandardService - Starting service [Tomcat]
15:26:54.538 [main] INFO  o.a.catalina.core.StandardEngine - Starting Servlet engine: [Apache Tomcat/9.0.33]
15:26:54.681 [main] INFO  o.a.c.c.C.[Tomcat].[localhost].[/] - Initializing Spring embedded WebApplicationContext
15:26:54.682 [main] INFO  o.s.web.context.ContextLoader - Root WebApplicationContext: initialization completed in 2072 ms
15:26:55.136 [main] INFO  o.h.jpa.internal.util.LogHelper - HHH000204: Processing PersistenceUnitInfo [name: default]
15:26:55.217 [main] INFO  org.hibernate.Version - HHH000412: Hibernate ORM core version 5.4.12.Final
15:26:55.380 [main] INFO  o.h.annotations.common.Version - HCANN000001: Hibernate Commons Annotations {5.1.0.Final}
15:26:55.502 [main] INFO  com.zaxxer.hikari.HikariDataSource - HikariPool-1 - Starting...
15:26:56.232 [main] INFO  com.zaxxer.hikari.HikariDataSource - HikariPool-1 - Start completed.
15:26:56.259 [main] INFO  org.hibernate.dialect.Dialect - HHH000400: Using dialect: org.hibernate.dialect.MySQL8Dialect
15:26:57.086 [main] INFO  o.h.e.t.j.p.i.JtaPlatformInitiator - HHH000490: Using JtaPlatform implementation: [org.hibernate.engine.transaction.jta.platform.internal.NoJtaPlatform]
15:26:57.095 [main] INFO  o.s.o.j.LocalContainerEntityManagerFactoryBean - Initialized JPA EntityManagerFactory for persistence unit 'default'
15:26:57.514 [main] WARN  o.s.b.a.o.j.JpaBaseConfiguration$JpaWebConfiguration - spring.jpa.open-in-view is enabled by default. Therefore, database queries may be performed during view rendering. Explicitly configure spring.jpa.open-in-view to disable this warning
15:26:57.649 [main] INFO  o.s.s.c.ThreadPoolTaskExecutor - Initializing ExecutorService 'applicationTaskExecutor'
15:26:57.936 [main] INFO  o.s.b.a.e.web.EndpointLinksResolver - Exposing 14 endpoint(s) beneath base path '/actuator'
15:26:57.991 [main] INFO  o.a.coyote.http11.Http11NioProtocol - Starting ProtocolHandler ["http-nio-8081"]
15:26:58.212 [main] INFO  o.s.b.w.e.tomcat.TomcatWebServer - Tomcat started on port(s): 8081 (http) with context path ''
15:26:58.220 [main] INFO  c.c.ipcamera.IpcameraApplication - Started IpcameraApplication in 6.733 seconds (JVM running for 8.19)
15:26:59.048 [RMI TCP Connection(3)-172.20.10.7] INFO  o.a.c.c.C.[Tomcat].[localhost].[/] - Initializing Spring DispatcherServlet 'dispatcherServlet'
15:26:59.051 [RMI TCP Connection(3)-172.20.10.7] INFO  o.s.web.servlet.DispatcherServlet - Initializing Servlet 'dispatcherServlet'
15:26:59.102 [RMI TCP Connection(3)-172.20.10.7] INFO  o.s.web.servlet.DispatcherServlet - Completed initialization in 51 ms
15:27:06.654 [http-nio-8081-exec-1] INFO  c.c.ipcamera.service.IpcameraService - /artemis/api/video/v1/cameras/playbackURLs
15:27:06.709 [http-nio-8081-exec-1] INFO  c.c.ipcamera.service.IpcameraService - {"protocol":"rtsp","expand":"streamform=rtp","streamType":0,"transmode":1,"beginTime":"2020-04-08T13:30:15.000+08:00","endTime":"2020-04-08T13:35:15.000+08:00","cameraIndexCode":"3239620a7ba34510b60b586924569a9c"}
15:27:07.609 [http-nio-8081-exec-1] INFO  c.h.artemis.sdk.ArtemisHttpUtil - the Artemis Request is Success,statusCode:200 SuccessMsg:{"code":"0","msg":"success","data":{"uuid":"","url":"rtsp://10.142.81.21:554/openUrl/P8Uu8r6","list":[{"beginTime":"2020-04-08T13:30:15.015+08:00","endTime":"2020-04-08T13:35:15.015+08:00","size":913309696}]}}
15:27:07.638 [http-nio-8081-exec-1] INFO  c.c.i.controller.HikvisionController - Success: replayUrl: rtsp://10.142.81.21:554/openUrl/P8Uu8r6
15:27:10.810 [http-nio-8081-exec-2] INFO  c.c.ipcamera.service.IpcameraService - /artemis/api/video/v1/cameras/playbackURLs
15:27:10.811 [http-nio-8081-exec-2] INFO  c.c.ipcamera.service.IpcameraService - {"protocol":"rtsp","expand":"streamform=rtp","streamType":0,"transmode":1,"beginTime":"2020-04-01T09:30:15.000+08:00","endTime":"2020-04-01T09:35:15.000+08:00","cameraIndexCode":"3239620a7ba34510b60b586924569a9c"}
15:27:11.476 [http-nio-8081-exec-2] INFO  c.h.artemis.sdk.ArtemisHttpUtil - the Artemis Request is Success,statusCode:200 SuccessMsg:{"code":"0","msg":"success","data":{"uuid":"","url":"rtsp://10.142.81.21:554/openUrl/PqK5K4o","list":[{"beginTime":"2020-04-01T09:30:15.015+08:00","endTime":"2020-04-01T09:35:15.015+08:00","size":914358272}]}}
15:27:11.480 [http-nio-8081-exec-2] INFO  c.c.i.controller.HikvisionController - Success: replayUrl: rtsp://10.142.81.21:554/openUrl/PqK5K4o
15:27:33.318 [SpringContextShutdownHook] INFO  o.s.s.c.ThreadPoolTaskExecutor - Shutting down ExecutorService 'applicationTaskExecutor'
15:27:33.319 [SpringContextShutdownHook] INFO  o.s.o.j.LocalContainerEntityManagerFactoryBean - Closing JPA EntityManagerFactory for persistence unit 'default'
15:27:33.322 [SpringContextShutdownHook] INFO  com.zaxxer.hikari.HikariDataSource - HikariPool-1 - Shutdown initiated...
15:27:33.328 [SpringContextShutdownHook] INFO  com.zaxxer.hikari.HikariDataSource - HikariPool-1 - Shutdown completed.
15:27:51.204 [main] INFO  c.c.i.IpcameraApplicationTests - Starting IpcameraApplicationTests on Echo_Lee with PID 26132 (started by echo in C:\Users\pj17_\IdeaProjects\ipcamera)
15:27:51.205 [main] INFO  c.c.i.IpcameraApplicationTests - No active profile set, falling back to default profiles: default
15:27:52.593 [main] INFO  o.s.d.r.c.RepositoryConfigurationDelegate - Bootstrapping Spring Data JPA repositories in DEFAULT mode.
15:27:52.688 [main] INFO  o.s.d.r.c.RepositoryConfigurationDelegate - Finished Spring Data repository scanning in 82ms. Found 1 JPA repository interfaces.
15:27:53.740 [main] INFO  o.h.jpa.internal.util.LogHelper - HHH000204: Processing PersistenceUnitInfo [name: default]
15:27:53.851 [main] INFO  org.hibernate.Version - HHH000412: Hibernate ORM core version 5.4.12.Final
15:27:54.059 [main] INFO  o.h.annotations.common.Version - HCANN000001: Hibernate Commons Annotations {5.1.0.Final}
15:27:54.582 [main] INFO  com.zaxxer.hikari.HikariDataSource - HikariPool-1 - Starting...
15:27:55.555 [main] INFO  com.zaxxer.hikari.HikariDataSource - HikariPool-1 - Start completed.
15:27:55.599 [main] INFO  org.hibernate.dialect.Dialect - HHH000400: Using dialect: org.hibernate.dialect.MySQL8Dialect
15:27:56.613 [main] INFO  o.h.e.t.j.p.i.JtaPlatformInitiator - HHH000490: Using JtaPlatform implementation: [org.hibernate.engine.transaction.jta.platform.internal.NoJtaPlatform]
15:27:56.625 [main] INFO  o.s.o.j.LocalContainerEntityManagerFactoryBean - Initialized JPA EntityManagerFactory for persistence unit 'default'
15:27:57.634 [main] WARN  o.s.b.a.o.j.JpaBaseConfiguration$JpaWebConfiguration - spring.jpa.open-in-view is enabled by default. Therefore, database queries may be performed during view rendering. Explicitly configure spring.jpa.open-in-view to disable this warning
15:27:58.166 [main] INFO  o.s.s.c.ThreadPoolTaskExecutor - Initializing ExecutorService 'applicationTaskExecutor'
15:27:59.243 [main] INFO  o.s.b.a.e.web.EndpointLinksResolver - Exposing 14 endpoint(s) beneath base path '/actuator'
15:27:59.349 [main] INFO  c.c.i.IpcameraApplicationTests - Started IpcameraApplicationTests in 8.81 seconds (JVM running for 10.506)
15:27:59.650 [SpringContextShutdownHook] INFO  o.s.s.c.ThreadPoolTaskExecutor - Shutting down ExecutorService 'applicationTaskExecutor'
15:27:59.652 [SpringContextShutdownHook] INFO  o.s.o.j.LocalContainerEntityManagerFactoryBean - Closing JPA EntityManagerFactory for persistence unit 'default'
15:27:59.655 [SpringContextShutdownHook] INFO  com.zaxxer.hikari.HikariDataSource - HikariPool-1 - Shutdown initiated...
15:27:59.684 [SpringContextShutdownHook] INFO  com.zaxxer.hikari.HikariDataSource - HikariPool-1 - Shutdown completed.
15:50:29.087 [main] INFO  c.c.ipcamera.IpcameraApplication - Starting IpcameraApplication on Echo_Lee with PID 24404 (C:\Users\pj17_\IdeaProjects\ipcamera\target\classes started by echo in C:\Users\pj17_\IdeaProjects\ipcamera)
15:50:29.093 [main] INFO  c.c.ipcamera.IpcameraApplication - No active profile set, falling back to default profiles: default
15:50:30.516 [main] INFO  o.s.d.r.c.RepositoryConfigurationDelegate - Bootstrapping Spring Data JPA repositories in DEFAULT mode.
15:50:30.584 [main] INFO  o.s.d.r.c.RepositoryConfigurationDelegate - Finished Spring Data repository scanning in 59ms. Found 1 JPA repository interfaces.
15:50:31.298 [main] INFO  o.s.b.w.e.tomcat.TomcatWebServer - Tomcat initialized with port(s): 8081 (http)
15:50:31.311 [main] INFO  o.a.coyote.http11.Http11NioProtocol - Initializing ProtocolHandler ["http-nio-8081"]
15:50:31.312 [main] INFO  o.a.catalina.core.StandardService - Starting service [Tomcat]
15:50:31.312 [main] INFO  o.a.catalina.core.StandardEngine - Starting Servlet engine: [Apache Tomcat/9.0.33]
15:50:31.480 [main] INFO  o.a.c.c.C.[Tomcat].[localhost].[/] - Initializing Spring embedded WebApplicationContext
15:50:31.480 [main] INFO  o.s.web.context.ContextLoader - Root WebApplicationContext: initialization completed in 2284 ms
15:50:31.987 [main] INFO  o.h.jpa.internal.util.LogHelper - HHH000204: Processing PersistenceUnitInfo [name: default]
15:50:32.080 [main] INFO  org.hibernate.Version - HHH000412: Hibernate ORM core version 5.4.12.Final
15:50:32.302 [main] INFO  o.h.annotations.common.Version - HCANN000001: Hibernate Commons Annotations {5.1.0.Final}
15:50:32.425 [main] INFO  com.zaxxer.hikari.HikariDataSource - HikariPool-1 - Starting...
15:50:33.208 [main] INFO  com.zaxxer.hikari.HikariDataSource - HikariPool-1 - Start completed.
15:50:33.250 [main] INFO  org.hibernate.dialect.Dialect - HHH000400: Using dialect: org.hibernate.dialect.MySQL8Dialect
15:50:34.213 [main] INFO  o.h.e.t.j.p.i.JtaPlatformInitiator - HHH000490: Using JtaPlatform implementation: [org.hibernate.engine.transaction.jta.platform.internal.NoJtaPlatform]
15:50:34.226 [main] INFO  o.s.o.j.LocalContainerEntityManagerFactoryBean - Initialized JPA EntityManagerFactory for persistence unit 'default'
15:50:34.770 [main] WARN  o.s.b.a.o.j.JpaBaseConfiguration$JpaWebConfiguration - spring.jpa.open-in-view is enabled by default. Therefore, database queries may be performed during view rendering. Explicitly configure spring.jpa.open-in-view to disable this warning
15:50:34.921 [main] INFO  o.s.s.c.ThreadPoolTaskExecutor - Initializing ExecutorService 'applicationTaskExecutor'
15:50:35.225 [main] INFO  o.s.b.a.e.web.EndpointLinksResolver - Exposing 14 endpoint(s) beneath base path '/actuator'
15:50:35.277 [main] INFO  o.a.coyote.http11.Http11NioProtocol - Starting ProtocolHandler ["http-nio-8081"]
15:50:35.516 [main] INFO  o.s.b.w.e.tomcat.TomcatWebServer - Tomcat started on port(s): 8081 (http) with context path ''
15:50:35.523 [main] INFO  c.c.ipcamera.IpcameraApplication - Started IpcameraApplication in 7.433 seconds (JVM running for 8.928)
15:50:36.056 [RMI TCP Connection(1)-172.20.10.7] INFO  o.a.c.c.C.[Tomcat].[localhost].[/] - Initializing Spring DispatcherServlet 'dispatcherServlet'
15:50:36.056 [RMI TCP Connection(1)-172.20.10.7] INFO  o.s.web.servlet.DispatcherServlet - Initializing Servlet 'dispatcherServlet'
15:50:36.069 [RMI TCP Connection(1)-172.20.10.7] INFO  o.s.web.servlet.DispatcherServlet - Completed initialization in 13 ms
15:50:49.353 [SpringContextShutdownHook] INFO  o.s.s.c.ThreadPoolTaskExecutor - Shutting down ExecutorService 'applicationTaskExecutor'
15:50:49.354 [SpringContextShutdownHook] INFO  o.s.o.j.LocalContainerEntityManagerFactoryBean - Closing JPA EntityManagerFactory for persistence unit 'default'
15:50:49.358 [SpringContextShutdownHook] INFO  com.zaxxer.hikari.HikariDataSource - HikariPool-1 - Shutdown initiated...
15:50:49.372 [SpringContextShutdownHook] INFO  com.zaxxer.hikari.HikariDataSource - HikariPool-1 - Shutdown completed.
15:54:12.535 [main] INFO  c.c.ipcamera.IpcameraApplication - Starting IpcameraApplication on Echo_Lee with PID 26448 (C:\Users\pj17_\IdeaProjects\ipcamera\target\classes started by echo in C:\Users\pj17_\IdeaProjects\ipcamera)
15:54:12.540 [main] INFO  c.c.ipcamera.IpcameraApplication - No active profile set, falling back to default profiles: default
15:54:13.869 [main] INFO  o.s.d.r.c.RepositoryConfigurationDelegate - Bootstrapping Spring Data JPA repositories in DEFAULT mode.
15:54:13.947 [main] INFO  o.s.d.r.c.RepositoryConfigurationDelegate - Finished Spring Data repository scanning in 64ms. Found 1 JPA repository interfaces.
15:54:14.570 [main] INFO  o.s.b.w.e.tomcat.TomcatWebServer - Tomcat initialized with port(s): 8081 (http)
15:54:14.582 [main] INFO  o.a.coyote.http11.Http11NioProtocol - Initializing ProtocolHandler ["http-nio-8081"]
15:54:14.583 [main] INFO  o.a.catalina.core.StandardService - Starting service [Tomcat]
15:54:14.583 [main] INFO  o.a.catalina.core.StandardEngine - Starting Servlet engine: [Apache Tomcat/9.0.33]
15:54:14.727 [main] INFO  o.a.c.c.C.[Tomcat].[localhost].[/] - Initializing Spring embedded WebApplicationContext
15:54:14.728 [main] INFO  o.s.web.context.ContextLoader - Root WebApplicationContext: initialization completed in 2109 ms
15:54:15.202 [main] INFO  o.h.jpa.internal.util.LogHelper - HHH000204: Processing PersistenceUnitInfo [name: default]
15:54:15.287 [main] INFO  org.hibernate.Version - HHH000412: Hibernate ORM core version 5.4.12.Final
15:54:15.485 [main] INFO  o.h.annotations.common.Version - HCANN000001: Hibernate Commons Annotations {5.1.0.Final}
15:54:15.622 [main] INFO  com.zaxxer.hikari.HikariDataSource - HikariPool-1 - Starting...
15:54:16.332 [main] INFO  com.zaxxer.hikari.HikariDataSource - HikariPool-1 - Start completed.
15:54:16.357 [main] INFO  org.hibernate.dialect.Dialect - HHH000400: Using dialect: org.hibernate.dialect.MySQL8Dialect
15:54:17.278 [main] INFO  o.h.e.t.j.p.i.JtaPlatformInitiator - HHH000490: Using JtaPlatform implementation: [org.hibernate.engine.transaction.jta.platform.internal.NoJtaPlatform]
15:54:17.291 [main] INFO  o.s.o.j.LocalContainerEntityManagerFactoryBean - Initialized JPA EntityManagerFactory for persistence unit 'default'
15:54:17.760 [main] WARN  o.s.b.a.o.j.JpaBaseConfiguration$JpaWebConfiguration - spring.jpa.open-in-view is enabled by default. Therefore, database queries may be performed during view rendering. Explicitly configure spring.jpa.open-in-view to disable this warning
15:54:17.925 [main] INFO  o.s.s.c.ThreadPoolTaskExecutor - Initializing ExecutorService 'applicationTaskExecutor'
15:54:18.253 [main] INFO  o.s.b.a.e.web.EndpointLinksResolver - Exposing 14 endpoint(s) beneath base path '/actuator'
15:54:18.311 [main] INFO  o.a.coyote.http11.Http11NioProtocol - Starting ProtocolHandler ["http-nio-8081"]
15:54:18.563 [main] INFO  o.s.b.w.e.tomcat.TomcatWebServer - Tomcat started on port(s): 8081 (http) with context path ''
15:54:18.572 [main] INFO  c.c.ipcamera.IpcameraApplication - Started IpcameraApplication in 6.989 seconds (JVM running for 8.476)
15:54:19.201 [RMI TCP Connection(1)-172.20.10.7] INFO  o.a.c.c.C.[Tomcat].[localhost].[/] - Initializing Spring DispatcherServlet 'dispatcherServlet'
15:54:19.201 [RMI TCP Connection(1)-172.20.10.7] INFO  o.s.web.servlet.DispatcherServlet - Initializing Servlet 'dispatcherServlet'
15:54:19.213 [RMI TCP Connection(1)-172.20.10.7] INFO  o.s.web.servlet.DispatcherServlet - Completed initialization in 11 ms
15:54:57.701 [http-nio-8081-exec-1] INFO  c.c.ipcamera.service.IpcameraService - /artemis/api/video/v1/cameras/previewURLs
15:54:57.752 [http-nio-8081-exec-1] INFO  c.c.ipcamera.service.IpcameraService - {"protocol":"rtsp","expand":"streamform=rtp","streamType":0,"transmode":1,"cameraIndexCode":"3239620a7ba34510b60b586924569a9c"}
15:54:58.550 [http-nio-8081-exec-1] INFO  c.h.artemis.sdk.ArtemisHttpUtil - the Artemis Request is Success,statusCode:200 SuccessMsg:{"code":"0","msg":"success","data":{"url":"rtsp://10.142.81.21:554/openUrl/Ox0PVOU"}}
15:54:58.578 [http-nio-8081-exec-1] INFO  c.c.i.controller.HikvisionController - Success: replayUrl: rtsp://10.142.81.21:554/openUrl/Ox0PVOU
16:08:07.256 [SpringContextShutdownHook] INFO  o.s.s.c.ThreadPoolTaskExecutor - Shutting down ExecutorService 'applicationTaskExecutor'
16:08:07.257 [SpringContextShutdownHook] INFO  o.s.o.j.LocalContainerEntityManagerFactoryBean - Closing JPA EntityManagerFactory for persistence unit 'default'
16:08:07.262 [SpringContextShutdownHook] INFO  com.zaxxer.hikari.HikariDataSource - HikariPool-1 - Shutdown initiated...
16:08:07.267 [SpringContextShutdownHook] INFO  com.zaxxer.hikari.HikariDataSource - HikariPool-1 - Shutdown completed.
16:08:27.824 [main] INFO  c.c.i.IpcameraApplicationTests - Starting IpcameraApplicationTests on Echo_Lee with PID 25736 (started by echo in C:\Users\pj17_\IdeaProjects\ipcamera)
16:08:27.827 [main] INFO  c.c.i.IpcameraApplicationTests - No active profile set, falling back to default profiles: default
16:08:29.402 [main] INFO  o.s.d.r.c.RepositoryConfigurationDelegate - Bootstrapping Spring Data JPA repositories in DEFAULT mode.
16:08:29.511 [main] INFO  o.s.d.r.c.RepositoryConfigurationDelegate - Finished Spring Data repository scanning in 92ms. Found 1 JPA repository interfaces.
16:08:30.757 [main] INFO  o.h.jpa.internal.util.LogHelper - HHH000204: Processing PersistenceUnitInfo [name: default]
16:08:30.871 [main] INFO  org.hibernate.Version - HHH000412: Hibernate ORM core version 5.4.12.Final
16:08:31.061 [main] INFO  o.h.annotations.common.Version - HCANN000001: Hibernate Commons Annotations {5.1.0.Final}
16:08:31.664 [main] INFO  com.zaxxer.hikari.HikariDataSource - HikariPool-1 - Starting...
16:08:32.710 [main] INFO  com.zaxxer.hikari.HikariDataSource - HikariPool-1 - Start completed.
16:08:32.785 [main] INFO  org.hibernate.dialect.Dialect - HHH000400: Using dialect: org.hibernate.dialect.MySQL8Dialect
16:08:34.102 [main] INFO  o.h.e.t.j.p.i.JtaPlatformInitiator - HHH000490: Using JtaPlatform implementation: [org.hibernate.engine.transaction.jta.platform.internal.NoJtaPlatform]
16:08:34.116 [main] INFO  o.s.o.j.LocalContainerEntityManagerFactoryBean - Initialized JPA EntityManagerFactory for persistence unit 'default'
16:08:35.375 [main] WARN  o.s.b.a.o.j.JpaBaseConfiguration$JpaWebConfiguration - spring.jpa.open-in-view is enabled by default. Therefore, database queries may be performed during view rendering. Explicitly configure spring.jpa.open-in-view to disable this warning
16:08:36.008 [main] INFO  o.s.s.c.ThreadPoolTaskExecutor - Initializing ExecutorService 'applicationTaskExecutor'
16:08:37.133 [main] INFO  o.s.b.a.e.web.EndpointLinksResolver - Exposing 14 endpoint(s) beneath base path '/actuator'
16:08:37.251 [main] INFO  c.c.i.IpcameraApplicationTests - Started IpcameraApplicationTests in 10.104 seconds (JVM running for 11.831)
16:08:37.571 [SpringContextShutdownHook] INFO  o.s.s.c.ThreadPoolTaskExecutor - Shutting down ExecutorService 'applicationTaskExecutor'
16:08:37.576 [SpringContextShutdownHook] INFO  o.s.o.j.LocalContainerEntityManagerFactoryBean - Closing JPA EntityManagerFactory for persistence unit 'default'
16:08:37.578 [SpringContextShutdownHook] INFO  com.zaxxer.hikari.HikariDataSource - HikariPool-1 - Shutdown initiated...
16:08:37.613 [SpringContextShutdownHook] INFO  com.zaxxer.hikari.HikariDataSource - HikariPool-1 - Shutdown completed.
